{"D:\\production-react\\src\\entities\\Counter\\model\\selectors\\getCounter\\getCounter.ts": {"path":"D:\\production-react\\src\\entities\\Counter\\model\\selectors\\getCounter\\getCounter.ts","statementMap":{"0":{"start":{"line":3,"column":26},"end":{"line":3,"column":63}},"1":{"start":{"line":3,"column":50},"end":{"line":3,"column":63}}},"fnMap":{"0":{"name":"(anonymous_0)","decl":{"start":{"line":3,"column":26},"end":{"line":3,"column":27}},"loc":{"start":{"line":3,"column":50},"end":{"line":3,"column":63}},"line":3}},"branchMap":{},"s":{"0":2,"1":2},"f":{"0":2},"b":{},"_coverageSchema":"1a1c01bbd47fc00a2c39e90264f33305004495a9","hash":"f9ec9ec4e33f56cb247b061c7642ed4d781a3dc7"}
,"D:\\production-react\\src\\entities\\Counter\\model\\selectors\\getCounterValue\\getCounterValue.ts": {"path":"D:\\production-react\\src\\entities\\Counter\\model\\selectors\\getCounterValue\\getCounterValue.ts","statementMap":{"0":{"start":{"line":4,"column":31},"end":{"line":7,"column":1}},"1":{"start":{"line":6,"column":17},"end":{"line":6,"column":30}}},"fnMap":{"0":{"name":"(anonymous_0)","decl":{"start":{"line":6,"column":4},"end":{"line":6,"column":5}},"loc":{"start":{"line":6,"column":17},"end":{"line":6,"column":30}},"line":6}},"branchMap":{},"s":{"0":1,"1":1},"f":{"0":1},"b":{},"_coverageSchema":"1a1c01bbd47fc00a2c39e90264f33305004495a9","hash":"2f69f67c882d05bd2ca352ebc5e945e1eb7bffce"}
,"D:\\production-react\\src\\entities\\Counter\\model\\slice\\counterSlice.ts": {"path":"D:\\production-react\\src\\entities\\Counter\\model\\slice\\counterSlice.ts","statementMap":{"0":{"start":{"line":7,"column":35},"end":{"line":9,"column":1}},"1":{"start":{"line":11,"column":28},"end":{"line":22,"column":2}},"2":{"start":{"line":16,"column":12},"end":{"line":16,"column":29}},"3":{"start":{"line":19,"column":12},"end":{"line":19,"column":29}},"4":{"start":{"line":24,"column":43},"end":{"line":24,"column":55}},"5":{"start":{"line":25,"column":43},"end":{"line":25,"column":55}}},"fnMap":{"0":{"name":"(anonymous_0)","decl":{"start":{"line":15,"column":19},"end":{"line":15,"column":20}},"loc":{"start":{"line":15,"column":30},"end":{"line":17,"column":9}},"line":15},"1":{"name":"(anonymous_1)","decl":{"start":{"line":18,"column":19},"end":{"line":18,"column":20}},"loc":{"start":{"line":18,"column":30},"end":{"line":20,"column":9}},"line":18}},"branchMap":{},"s":{"0":1,"1":1,"2":2,"3":1,"4":1,"5":1},"f":{"0":2,"1":1},"b":{},"_coverageSchema":"1a1c01bbd47fc00a2c39e90264f33305004495a9","hash":"4949d7916f29c8d9f9aa57290aedcfa8e6b3e129"}
}
